<?xml version="1.0" encoding="UTF-8"?>
<!-- Generated by org.testng.reporters.JUnitXMLReporter -->
<testsuite ignored="4" hostname="LAPTOP-TM6K18J0" failures="0" tests="4" name="TestAll" time="44.698" errors="0" timestamp="2023-05-13T00:29:43 IST">
  <testcase classname="com.testcases.HomePageTest" name="orderDetailsvalidation" time="8.415"/>
  <testcase classname="com.testcases.LoginTest" name="loginValidation" time="8.162"/>
  <testcase classname="com.testcases.IndexTest" name="indexValidation" time="6.877"/>
  <testcase classname="com.testcases.SearchPageTest" name="SearchPagevalidation" time="11.962"/>
  <testcase classname="com.testcases.AddCartTest" name="addToCartValidation" time="0.0">
    <ignored/>
  </testcase> <!-- addToCartValidation -->
  <testcase classname="com.testcases.EndToEndTest" name="endToEndValidation" time="0.0">
    <ignored/>
  </testcase> <!-- endToEndValidation -->
  <testcase classname="com.testcases.AccountCreateTest" name="AccountPageValidation" time="0.0">
    <ignored/>
  </testcase> <!-- AccountPageValidation -->
  <testcase classname="com.testcases.OrderPageTest" name="orderPageValidation" time="0.0">
    <ignored/>
  </testcase> <!-- orderPageValidation -->
</testsuite> <!-- TestAll -->
