<?xml version="1.0" encoding="UTF-8"?>
<testng-results ignored="0" total="1" passed="1" failed="0" skipped="0">
  <reporter-output>
  </reporter-output>
  <suite started-at="2023-05-14T01:16:38 IST" name="Default suite" finished-at="2023-05-14T01:17:08 IST" duration-ms="29611">
    <groups>
      <group name="Regression">
        <method signature="EndToEndTest.endToEndValidation()[pri:0, instance:com.testcases.EndToEndTest@7a24eb3]" name="endToEndValidation" class="com.testcases.EndToEndTest"/>
      </group> <!-- Regression -->
    </groups>
    <test started-at="2023-05-14T01:16:38 IST" name="Default test" finished-at="2023-05-14T01:17:08 IST" duration-ms="29611">
      <class name="com.testcases.EndToEndTest">
        <test-method is-config="true" signature="setup()[pri:0, instance:com.testcases.EndToEndTest@7a24eb3]" started-at="2023-05-14T01:16:38 IST" name="setup" finished-at="2023-05-14T01:16:43 IST" duration-ms="5024" status="PASS">
          <reporter-output>
          </reporter-output>
        </test-method> <!-- setup -->
        <test-method signature="endToEndValidation()[pri:0, instance:com.testcases.EndToEndTest@7a24eb3]" started-at="2023-05-14T01:16:43 IST" name="endToEndValidation" finished-at="2023-05-14T01:17:07 IST" duration-ms="24053" status="PASS">
          <reporter-output>
          </reporter-output>
        </test-method> <!-- endToEndValidation -->
        <test-method is-config="true" signature="teardown()[pri:0, instance:com.testcases.EndToEndTest@7a24eb3]" started-at="2023-05-14T01:17:07 IST" name="teardown" finished-at="2023-05-14T01:17:08 IST" duration-ms="271" status="PASS">
          <reporter-output>
          </reporter-output>
        </test-method> <!-- teardown -->
      </class> <!-- com.testcases.EndToEndTest -->
    </test> <!-- Default test -->
  </suite> <!-- Default suite -->
</testng-results>
